<?xml version="1.0" encoding="UTF-8"?>
<!-- Generated by org.testng.reporters.JUnitReportReporter -->
<testsuite hostname="HSC-PG02KEGZ" failures="0" tests="3" name="DynamicJson" time="3.418" errors="0" timestamp="2024-12-23T11:23:20 IST" skipped="0">
  <testcase classname="DynamicJson" name="addBook" time="2.917"/>
  <testcase classname="DynamicJson" name="addBook" time="0.241"/>
  <testcase classname="DynamicJson" name="addBook" time="0.260"/>
</testsuite> <!-- DynamicJson -->
