<?xml version="1.0" encoding="UTF-8"?>
<!-- Generated by org.testng.reporters.JUnitReportReporter -->
<testsuite hostname="HSC-PG02KEGZ" failures="0" tests="1" name="SumValidation" time="1.219" errors="0" timestamp="2024-12-19T14:38:46 IST" skipped="0">
  <testcase classname="SumValidation" name="sumOfCourses" time="1.219"/>
</testsuite> <!-- SumValidation -->
